Performing C++ SOURCE FILE Test CMAKE_HAVE_LIBC_PTHREAD failed with the following output:
Change Dir: /home/panda/libfranka/CMakeFiles/CMakeTmp

Run Build Command(s):/usr/bin/make cmTC_304e8/fast && make[1]: Entering directory '/home/panda/libfranka/CMakeFiles/CMakeTmp'
/usr/bin/make -f CMakeFiles/cmTC_304e8.dir/build.make CMakeFiles/cmTC_304e8.dir/build
make[2]: Entering directory '/home/panda/libfranka/CMakeFiles/CMakeTmp'
Building CXX object CMakeFiles/cmTC_304e8.dir/src.cxx.o
/usr/bin/c++    -DCMAKE_HAVE_LIBC_PTHREAD   -o CMakeFiles/cmTC_304e8.dir/src.cxx.o -c /home/panda/libfranka/CMakeFiles/CMakeTmp/src.cxx
Linking CXX executable cmTC_304e8
/usr/bin/cmake -E cmake_link_script CMakeFiles/cmTC_304e8.dir/link.txt --verbose=1
/usr/bin/c++   -DCMAKE_HAVE_LIBC_PTHREAD    CMakeFiles/cmTC_304e8.dir/src.cxx.o  -o cmTC_304e8 
/usr/bin/ld: CMakeFiles/cmTC_304e8.dir/src.cxx.o: in function `main':
src.cxx:(.text+0x46): undefined reference to `pthread_create'
/usr/bin/ld: src.cxx:(.text+0x52): undefined reference to `pthread_detach'
/usr/bin/ld: src.cxx:(.text+0x63): undefined reference to `pthread_join'
collect2: error: ld returned 1 exit status
make[2]: *** [CMakeFiles/cmTC_304e8.dir/build.make:87: cmTC_304e8] Error 1
make[2]: Leaving directory '/home/panda/libfranka/CMakeFiles/CMakeTmp'
make[1]: *** [Makefile:121: cmTC_304e8/fast] Error 2
make[1]: Leaving directory '/home/panda/libfranka/CMakeFiles/CMakeTmp'


Source file was:
#include <pthread.h>

void* test_func(void* data)
{
  return data;
}

int main(void)
{
  pthread_t thread;
  pthread_create(&thread, NULL, test_func, NULL);
  pthread_detach(thread);
  pthread_join(thread, NULL);
  pthread_atfork(NULL, NULL, NULL);
  pthread_exit(NULL);

  return 0;
}

